Arguments: 
  /usr/bin/node /usr/share/yarn/bin/yarn.js add -D @11ty/eleventy @11ty/eleventy-plugin-syntaxhighlight concurrentyly js-yaml luxon markdown-it markdown-it-attrs markdown-it-footnote node-sass

PATH: 
  /home/fiqri/anaconda3/bin:/home/fiqri/anaconda3/condabin:/home/fiqri/.config/composer/vendor/bin:/home/fiqri/.deno/bin:/home/fiqri/.cargo/bin:/home/fiqri/.config/composer/vendor/bin:/bin:/usr/local/sbin:/usr/local/bin:/usr/sbin:/usr/bin:/sbin:/bin:/usr/games:/usr/local/games:/snap/bin:/snap/bin

Yarn version: 
  1.22.5

Node version: 
  14.17.0

Platform: 
  linux x64

Trace: 
  Error: https://registry.yarnpkg.com/concurrentyly: Not found
      at Request.params.callback [as _callback] (/usr/share/yarn/lib/cli.js:66988:18)
      at Request.self.callback (/usr/share/yarn/lib/cli.js:140749:22)
      at Request.emit (events.js:376:20)
      at Request.<anonymous> (/usr/share/yarn/lib/cli.js:141721:10)
      at Request.emit (events.js:376:20)
      at IncomingMessage.<anonymous> (/usr/share/yarn/lib/cli.js:141643:12)
      at Object.onceWrapper (events.js:482:28)
      at IncomingMessage.emit (events.js:388:22)
      at endReadableNT (internal/streams/readable.js:1336:12)
      at processTicksAndRejections (internal/process/task_queues.js:82:21)

npm manifest: 
  {
    "name": "wafiq-site",
    "version": "1.0.0",
    "description": "",
    "main": "index.js",
    "scripts": {
      "test": "echo \"Error: no test specified\" && exit 1"
    },
    "repository": {
      "type": "git",
      "url": "git+https://github.com/fiqrisr/wafiq-site.git"
    },
    "keywords": [],
    "author": "",
    "license": "ISC",
    "bugs": {
      "url": "https://github.com/fiqrisr/wafiq-site/issues"
    },
    "homepage": "https://github.com/fiqrisr/wafiq-site#readme"
  }

yarn manifest: 
  No manifest

Lockfile: 
  No lockfile
